<?xml version="1.0" encoding="UTF-8"?>
<testsuite xmlns:xsi="http://www.w3.org/2001/XMLSchema-instance" xsi:noNamespaceSchemaLocation="https://maven.apache.org/surefire/maven-surefire-plugin/xsd/surefire-test-report.xsd" version="3.0.2" name="org.springframework.samples.petclinic.PostgresIntegrationTests" time="13.475" tests="2" errors="0" skipped="0" failures="0">
  <properties>
[...]
</properties>
  <testcase name="testFindAll" classname="org.springframework.samples.petclinic.PostgresIntegrationTests" time="0.04">
    <system-out><![CDATA[2025-09-05T15:45:40.349Z  INFO 4406 --- [           main] t.c.s.AnnotationConfigContextLoaderUtils : Could not detect default configuration classes for test class [org.springframework.samples.petclinic.PostgresIntegrationTests]: PostgresIntegrationTests does not declare any static, non-private, non-final, nested classes annotated with @Configuration.
2025-09-05T15:45:40.360Z  INFO 4406 --- [           main] .b.t.c.SpringBootTestContextBootstrapper : Found @SpringBootConfiguration org.springframework.samples.petclinic.PetClinicApplication for test class org.springframework.samples.petclinic.PostgresIntegrationTests
2025-09-05T15:45:40.374Z  INFO 4406 --- [           main] o.s.b.d.r.RestartApplicationListener     : Restart disabled due to context in which it is running


              |\      _,,,--,,_
             /,`.-'`'   ._  \-;;,_
  _______ __|,4-  ) )_   .;.(__`'-'__     ___ __    _ ___ _______
 |       | '---''(_/._)-'(_\_)   |   |   |   |  |  | |   |       |
 |    _  |    ___|_     _|       |   |   |   |   |_| |   |       | __ _ _
 |   |_| |   |___  |   | |       |   |   |   |       |   |       | \ \ \ \
 |    ___|    ___| |   | |      _|   |___|   |  _    |   |      _|  \ \ \ \
 |   |   |   |___  |   | |     |_|       |   | | |   |   |     |_    ) ) ) )
 |___|   |_______| |___| |_______|_______|___|_|  |__|___|_______|  / / / /
 ==================================================================/_/_/_/

:: Built with Spring Boot :: 3.5.0


2025-09-05T15:45:40.424Z  INFO 4406 --- [           main] o.s.s.p.PostgresIntegrationTests         : Starting PostgresIntegrationTests using Java 17.0.16 with PID 4406 (started by runner in /home/runner/work/spring-petclinic/spring-petclinic)
2025-09-05T15:45:40.425Z  INFO 4406 --- [           main] o.s.s.p.PostgresIntegrationTests         : The following 1 profile is active: "postgres"
2025-09-05T15:45:40.434Z  INFO 4406 --- [           main] .s.b.d.c.l.DockerComposeLifecycleManager : Using Docker Compose file /home/runner/work/spring-petclinic/spring-petclinic/docker-compose.yml
2025-09-05T15:45:41.276Z  INFO 4406 --- [utReader-stderr] o.s.boot.docker.compose.core.DockerCli   :  postgres Pulling 
2025-09-05T15:45:42.227Z  INFO 4406 --- [utReader-stderr] o.s.boot.docker.compose.core.DockerCli   :  396b1da7636e Pulling fs layer 
2025-09-05T15:45:42.227Z  INFO 4406 --- [utReader-stderr] o.s.boot.docker.compose.core.DockerCli   :  f12c02178a16 Pulling fs layer 
2025-09-05T15:45:42.228Z  INFO 4406 --- [utReader-stderr] o.s.boot.docker.compose.core.DockerCli   :  e2852bcd90c1 Pulling fs layer 
2025-09-05T15:45:42.228Z  INFO 4406 --- [utReader-stderr] o.s.boot.docker.compose.core.DockerCli   :  f110c2d63c7b Pulling fs layer 
2025-09-05T15:45:42.228Z  INFO 4406 --- [utReader-stderr] o.s.boot.docker.compose.core.DockerCli   :  34d3b664ecd0 Pulling fs layer 
2025-09-05T15:45:42.228Z  INFO 4406 --- [utReader-stderr] o.s.boot.docker.compose.core.DockerCli   :  837415f4eac4 Pulling fs layer 
2025-09-05T15:45:42.228Z  INFO 4406 --- [utReader-stderr] o.s.boot.docker.compose.core.DockerCli   :  9c7bb009f799 Pulling fs layer 
2025-09-05T15:45:42.228Z  INFO 4406 --- [utReader-stderr] o.s.boot.docker.compose.core.DockerCli   :  5df8dd3bf5ba Pulling fs layer 
2025-09-05T15:45:42.228Z  INFO 4406 --- [utReader-stderr] o.s.boot.docker.compose.core.DockerCli   :  a3f5073def7e Pulling fs layer 
2025-09-05T15:45:42.228Z  INFO 4406 --- [utReader-stderr] o.s.boot.docker.compose.core.DockerCli   :  e55e06bab052 Pulling fs layer 
2025-09-05T15:45:42.228Z  INFO 4406 --- [utReader-stderr] o.s.boot.docker.compose.core.DockerCli   :  b39abc7629b8 Pulling fs layer 
2025-09-05T15:45:42.228Z  INFO 4406 --- [utReader-stderr] o.s.boot.docker.compose.core.DockerCli   :  09565ee06ad1 Pulling fs layer 
2025-09-05T15:45:42.228Z  INFO 4406 --- [utReader-stderr] o.s.boot.docker.compose.core.DockerCli   :  dfb76d5a073e Pulling fs layer 
2025-09-05T15:45:42.228Z  INFO 4406 --- [utReader-stderr] o.s.boot.docker.compose.core.DockerCli   :  b32c22ae91d9 Pulling fs layer 
2025-09-05T15:45:42.228Z  INFO 4406 --- [utReader-stderr] o.s.boot.docker.compose.core.DockerCli   :  5df8dd3bf5ba Waiting 
2025-09-05T15:45:42.229Z  INFO 4406 --- [utReader-stderr] o.s.boot.docker.compose.core.DockerCli   :  a3f5073def7e Waiting 
2025-09-05T15:45:42.229Z  INFO 4406 --- [utReader-stderr] o.s.boot.docker.compose.core.DockerCli   :  e55e06bab052 Waiting 
2025-09-05T15:45:42.229Z  INFO 4406 --- [utReader-stderr] o.s.boot.docker.compose.core.DockerCli   :  b39abc7629b8 Waiting 
2025-09-05T15:45:42.229Z  INFO 4406 --- [utReader-stderr] o.s.boot.docker.compose.core.DockerCli   :  09565ee06ad1 Waiting 
2025-09-05T15:45:42.229Z  INFO 4406 --- [utReader-stderr] o.s.boot.docker.compose.core.DockerCli   :  dfb76d5a073e Waiting 
2025-09-05T15:45:42.229Z  INFO 4406 --- [utReader-stderr] o.s.boot.docker.compose.core.DockerCli   :  b32c22ae91d9 Waiting 
2025-09-05T15:45:42.229Z  INFO 4406 --- [utReader-stderr] o.s.boot.docker.compose.core.DockerCli   :  f110c2d63c7b Waiting 
2025-09-05T15:45:42.229Z  INFO 4406 --- [utReader-stderr] o.s.boot.docker.compose.core.DockerCli   :  34d3b664ecd0 Waiting 
2025-09-05T15:45:42.229Z  INFO 4406 --- [utReader-stderr] o.s.boot.docker.compose.core.DockerCli   :  837415f4eac4 Waiting 
2025-09-05T15:45:42.229Z  INFO 4406 --- [utReader-stderr] o.s.boot.docker.compose.core.DockerCli   :  9c7bb009f799 Waiting 
2025-09-05T15:45:42.572Z  INFO 4406 --- [utReader-stderr] o.s.boot.docker.compose.core.DockerCli   :  396b1da7636e Downloading [>                                                  ]  301.4kB/29.77MB
2025-09-05T15:45:42.605Z  INFO 4406 --- [utReader-stderr] o.s.boot.docker.compose.core.DockerCli   :  f12c02178a16 Downloading [=======================================>           ]     934B/1.168kB
2025-09-05T15:45:42.605Z  INFO 4406 --- [utReader-stderr] o.s.boot.docker.compose.core.DockerCli   :  f12c02178a16 Downloading [==================================================>]  1.168kB/1.168kB
2025-09-05T15:45:42.606Z  INFO 4406 --- [utReader-stderr] o.s.boot.docker.compose.core.DockerCli   :  f12c02178a16 Verifying Checksum 
2025-09-05T15:45:42.607Z  INFO 4406 --- [utReader-stderr] o.s.boot.docker.compose.core.DockerCli   :  f12c02178a16 Download complete 
2025-09-05T15:45:42.622Z  INFO 4406 --- [utReader-stderr] o.s.boot.docker.compose.core.DockerCli   :  e2852bcd90c1 Downloading [>                                                  ]  67.46kB/6.437MB
2025-09-05T15:45:42.674Z  INFO 4406 --- [utReader-stderr] o.s.boot.docker.compose.core.DockerCli   :  396b1da7636e Downloading [=============>                                     ]   7.96MB/29.77MB
2025-09-05T15:45:42.765Z  INFO 4406 --- [utReader-stderr] o.s.boot.docker.compose.core.DockerCli   :  e2852bcd90c1 Downloading [==>                                                ]  266.4kB/6.437MB
2025-09-05T15:45:42.775Z  INFO 4406 --- [utReader-stderr] o.s.boot.docker.compose.core.DockerCli   :  396b1da7636e Downloading [====================================>              ]   21.5MB/29.77MB
2025-09-05T15:45:42.840Z  INFO 4406 --- [utReader-stderr] o.s.boot.docker.compose.core.DockerCli   :  396b1da7636e Verifying Checksum 
2025-09-05T15:45:42.841Z  INFO 4406 --- [utReader-stderr] o.s.boot.docker.compose.core.DockerCli   :  396b1da7636e Download complete 
2025-09-05T15:45:42.866Z  INFO 4406 --- [utReader-stderr] o.s.boot.docker.compose.core.DockerCli   :  e2852bcd90c1 Downloading [==========>                                        ]  1.332MB/6.437MB
2025-09-05T15:45:42.878Z  INFO 4406 --- [utReader-stderr] o.s.boot.docker.compose.core.DockerCli   :  f110c2d63c7b Downloading [>                                                  ]  15.16kB/1.454MB
2025-09-05T15:45:42.887Z  INFO 4406 --- [utReader-stderr] o.s.boot.docker.compose.core.DockerCli   :  396b1da7636e Extracting [>                                                  ]  327.7kB/29.77MB
2025-09-05T15:45:42.955Z  INFO 4406 --- [utReader-stderr] o.s.boot.docker.compose.core.DockerCli   :  f110c2d63c7b Verifying Checksum 
2025-09-05T15:45:42.957Z  INFO 4406 --- [utReader-stderr] o.s.boot.docker.compose.core.DockerCli   :  f110c2d63c7b Download complete 
2025-09-05T15:45:42.967Z  INFO 4406 --- [utReader-stderr] o.s.boot.docker.compose.core.DockerCli   :  e2852bcd90c1 Downloading [=======================================>           ]  5.119MB/6.437MB
2025-09-05T15:45:42.982Z  INFO 4406 --- [utReader-stderr] o.s.boot.docker.compose.core.DockerCli   :  e2852bcd90c1 Download complete 
2025-09-05T15:45:42.989Z  INFO 4406 --- [utReader-stderr] o.s.boot.docker.compose.core.DockerCli   :  396b1da7636e Extracting [=======>                                           ]   4.26MB/29.77MB
2025-09-05T15:45:43.091Z  INFO 4406 --- [utReader-stderr] o.s.boot.docker.compose.core.DockerCli   :  396b1da7636e Extracting [==============>                                    ]  8.847MB/29.77MB
2025-09-05T15:45:43.143Z  INFO 4406 --- [utReader-stderr] o.s.boot.docker.compose.core.DockerCli   :  34d3b664ecd0 Downloading [>                                                  ]  86.16kB/8.204MB
2025-09-05T15:45:43.204Z  INFO 4406 --- [utReader-stderr] o.s.boot.docker.compose.core.DockerCli   :  396b1da7636e Extracting [==================>                                ]  11.14MB/29.77MB
2025-09-05T15:45:43.244Z  INFO 4406 --- [utReader-stderr] o.s.boot.docker.compose.core.DockerCli   :  34d3b664ecd0 Downloading [============================>                      ]  4.758MB/8.204MB
2025-09-05T15:45:43.247Z  INFO 4406 --- [utReader-stderr] o.s.boot.docker.compose.core.DockerCli   :  9c7bb009f799 Downloading [==================================================>]     116B/116B
2025-09-05T15:45:43.247Z  INFO 4406 --- [utReader-stderr] o.s.boot.docker.compose.core.DockerCli   :  9c7bb009f799 Verifying Checksum 
2025-09-05T15:45:43.247Z  INFO 4406 --- [utReader-stderr] o.s.boot.docker.compose.core.DockerCli   :  9c7bb009f799 Download complete 
2025-09-05T15:45:43.294Z  INFO 4406 --- [utReader-stderr] o.s.boot.docker.compose.core.DockerCli   :  34d3b664ecd0 Download complete 
2025-09-05T15:45:43.305Z  INFO 4406 --- [utReader-stderr] o.s.boot.docker.compose.core.DockerCli   :  396b1da7636e Extracting [========================>                          ]  14.42MB/29.77MB
2025-09-05T15:45:43.333Z  INFO 4406 --- [utReader-stderr] o.s.boot.docker.compose.core.DockerCli   :  837415f4eac4 Downloading [>                                                  ]  13.79kB/1.311MB
2025-09-05T15:45:43.410Z  INFO 4406 --- [utReader-stderr] o.s.boot.docker.compose.core.DockerCli   :  396b1da7636e Extracting [================================>                  ]  19.33MB/29.77MB
2025-09-05T15:45:43.424Z  INFO 4406 --- [utReader-stderr] o.s.boot.docker.compose.core.DockerCli   :  837415f4eac4 Verifying Checksum 
2025-09-05T15:45:43.425Z  INFO 4406 --- [utReader-stderr] o.s.boot.docker.compose.core.DockerCli   :  837415f4eac4 Download complete 
2025-09-05T15:45:43.516Z  INFO 4406 --- [utReader-stderr] o.s.boot.docker.compose.core.DockerCli   :  396b1da7636e Extracting [=========================================>         ]   24.9MB/29.77MB
2025-09-05T15:45:43.526Z  INFO 4406 --- [utReader-stderr] o.s.boot.docker.compose.core.DockerCli   :  5df8dd3bf5ba Downloading [==============>                                    ]     934B/3.139kB
2025-09-05T15:45:43.526Z  INFO 4406 --- [utReader-stderr] o.s.boot.docker.compose.core.DockerCli   :  5df8dd3bf5ba Downloading [==================================================>]  3.139kB/3.139kB
2025-09-05T15:45:43.526Z  INFO 4406 --- [utReader-stderr] o.s.boot.docker.compose.core.DockerCli   :  5df8dd3bf5ba Verifying Checksum 
2025-09-05T15:45:43.526Z  INFO 4406 --- [utReader-stderr] o.s.boot.docker.compose.core.DockerCli   :  5df8dd3bf5ba Download complete 
2025-09-05T15:45:43.628Z  INFO 4406 --- [utReader-stderr] o.s.boot.docker.compose.core.DockerCli   :  a3f5073def7e Downloading [>                                                  ]  528.5kB/114.2MB
2025-09-05T15:45:43.692Z  INFO 4406 --- [utReader-stderr] o.s.boot.docker.compose.core.DockerCli   :  e55e06bab052 Downloading [====>                                              ]     933B/10.34kB
2025-09-05T15:45:43.693Z  INFO 4406 --- [utReader-stderr] o.s.boot.docker.compose.core.DockerCli   :  e55e06bab052 Downloading [==================================================>]  10.34kB/10.34kB
2025-09-05T15:45:43.693Z  INFO 4406 --- [utReader-stderr] o.s.boot.docker.compose.core.DockerCli   :  e55e06bab052 Verifying Checksum 
2025-09-05T15:45:43.693Z  INFO 4406 --- [utReader-stderr] o.s.boot.docker.compose.core.DockerCli   :  e55e06bab052 Download complete 
2025-09-05T15:45:43.727Z  INFO 4406 --- [utReader-stderr] o.s.boot.docker.compose.core.DockerCli   :  a3f5073def7e Downloading [===>                                               ]  7.478MB/114.2MB
2025-09-05T15:45:43.732Z  INFO 4406 --- [utReader-stderr] o.s.boot.docker.compose.core.DockerCli   :  396b1da7636e Extracting [============================================>      ]  26.21MB/29.77MB
2025-09-05T15:45:43.828Z  INFO 4406 --- [utReader-stderr] o.s.boot.docker.compose.core.DockerCli   :  a3f5073def7e Downloading [=======>                                           ]  18.22MB/114.2MB
2025-09-05T15:45:43.837Z  INFO 4406 --- [utReader-stderr] o.s.boot.docker.compose.core.DockerCli   :  b39abc7629b8 Downloading [==================================================>]     128B/128B
2025-09-05T15:45:43.838Z  INFO 4406 --- [utReader-stderr] o.s.boot.docker.compose.core.DockerCli   :  b39abc7629b8 Verifying Checksum 
2025-09-05T15:45:43.838Z  INFO 4406 --- [utReader-stderr] o.s.boot.docker.compose.core.DockerCli   :  b39abc7629b8 Download complete 
2025-09-05T15:45:43.877Z  INFO 4406 --- [utReader-stderr] o.s.boot.docker.compose.core.DockerCli   :  396b1da7636e Extracting [===============================================>   ]  28.51MB/29.77MB
2025-09-05T15:45:43.940Z  INFO 4406 --- [utReader-stderr] o.s.boot.docker.compose.core.DockerCli   :  a3f5073def7e Downloading [============>                                      ]  27.87MB/114.2MB
2025-09-05T15:45:43.955Z  INFO 4406 --- [utReader-stderr] o.s.boot.docker.compose.core.DockerCli   :  09565ee06ad1 Downloading [==================================================>]     167B/167B
2025-09-05T15:45:43.955Z  INFO 4406 --- [utReader-stderr] o.s.boot.docker.compose.core.DockerCli   :  09565ee06ad1 Verifying Checksum 
2025-09-05T15:45:43.955Z  INFO 4406 --- [utReader-stderr] o.s.boot.docker.compose.core.DockerCli   :  09565ee06ad1 Download complete 
2025-09-05T15:45:44.055Z  INFO 4406 --- [utReader-stderr] o.s.boot.docker.compose.core.DockerCli   :  a3f5073def7e Downloading [==============>                                    ]  33.77MB/114.2MB
2025-09-05T15:45:44.105Z  INFO 4406 --- [utReader-stderr] o.s.boot.docker.compose.core.DockerCli   :  396b1da7636e Extracting [================================================>  ]  29.16MB/29.77MB
2025-09-05T15:45:44.158Z  INFO 4406 --- [utReader-stderr] o.s.boot.docker.compose.core.DockerCli   :  dfb76d5a073e Downloading [=======>                                           ]     935B/5.925kB
2025-09-05T15:45:44.158Z  INFO 4406 --- [utReader-stderr] o.s.boot.docker.compose.core.DockerCli   :  dfb76d5a073e Downloading [==================================================>]  5.925kB/5.925kB
2025-09-05T15:45:44.158Z  INFO 4406 --- [utReader-stderr] o.s.boot.docker.compose.core.DockerCli   :  dfb76d5a073e Verifying Checksum 
2025-09-05T15:45:44.158Z  INFO 4406 --- [utReader-stderr] o.s.boot.docker.compose.core.DockerCli   :  dfb76d5a073e Download complete 
2025-09-05T15:45:44.162Z  INFO 4406 --- [utReader-stderr] o.s.boot.docker.compose.core.DockerCli   :  a3f5073def7e Downloading [=================>                                 ]  39.66MB/114.2MB
2025-09-05T15:45:44.230Z  INFO 4406 --- [utReader-stderr] o.s.boot.docker.compose.core.DockerCli   :  b32c22ae91d9 Downloading [==================================================>]     186B/186B
2025-09-05T15:45:44.231Z  INFO 4406 --- [utReader-stderr] o.s.boot.docker.compose.core.DockerCli   :  b32c22ae91d9 Verifying Checksum 
2025-09-05T15:45:44.233Z  INFO 4406 --- [utReader-stderr] o.s.boot.docker.compose.core.DockerCli   :  b32c22ae91d9 Download complete 
2025-09-05T15:45:44.273Z  INFO 4406 --- [utReader-stderr] o.s.boot.docker.compose.core.DockerCli   :  396b1da7636e Extracting [==================================================>]  29.77MB/29.77MB
2025-09-05T15:45:44.288Z  INFO 4406 --- [utReader-stderr] o.s.boot.docker.compose.core.DockerCli   :  a3f5073def7e Downloading [===================>                               ]  43.96MB/114.2MB
2025-09-05T15:45:44.311Z  INFO 4406 --- [utReader-stderr] o.s.boot.docker.compose.core.DockerCli   :  396b1da7636e Pull complete 
2025-09-05T15:45:44.313Z  INFO 4406 --- [utReader-stderr] o.s.boot.docker.compose.core.DockerCli   :  f12c02178a16 Extracting [==================================================>]  1.168kB/1.168kB
2025-09-05T15:45:44.314Z  INFO 4406 --- [utReader-stderr] o.s.boot.docker.compose.core.DockerCli   :  f12c02178a16 Extracting [==================================================>]  1.168kB/1.168kB
2025-09-05T15:45:44.411Z  INFO 4406 --- [utReader-stderr] o.s.boot.docker.compose.core.DockerCli   :  a3f5073def7e Downloading [====================>                              ]  47.15MB/114.2MB
2025-09-05T15:45:44.443Z  INFO 4406 --- [utReader-stderr] o.s.boot.docker.compose.core.DockerCli   :  f12c02178a16 Pull complete 
2025-09-05T15:45:44.445Z  INFO 4406 --- [utReader-stderr] o.s.boot.docker.compose.core.DockerCli   :  e2852bcd90c1 Extracting [>                                                  ]  65.54kB/6.437MB
2025-09-05T15:45:44.517Z  INFO 4406 --- [utReader-stderr] o.s.boot.docker.compose.core.DockerCli   :  a3f5073def7e Downloading [=====================>                             ]  49.84MB/114.2MB
2025-09-05T15:45:44.548Z  INFO 4406 --- [utReader-stderr] o.s.boot.docker.compose.core.DockerCli   :  e2852bcd90c1 Extracting [===================================>               ]  4.588MB/6.437MB
2025-09-05T15:45:44.616Z  INFO 4406 --- [utReader-stderr] o.s.boot.docker.compose.core.DockerCli   :  e2852bcd90c1 Extracting [==================================================>]  6.437MB/6.437MB
2025-09-05T15:45:44.623Z  INFO 4406 --- [utReader-stderr] o.s.boot.docker.compose.core.DockerCli   :  a3f5073def7e Downloading [========================>                          ]  55.73MB/114.2MB
2025-09-05T15:45:44.692Z  INFO 4406 --- [utReader-stderr] o.s.boot.docker.compose.core.DockerCli   :  e2852bcd90c1 Pull complete 
2025-09-05T15:45:44.696Z  INFO 4406 --- [utReader-stderr] o.s.boot.docker.compose.core.DockerCli   :  f110c2d63c7b Extracting [=>                                                 ]  32.77kB/1.454MB
2025-09-05T15:45:44.726Z  INFO 4406 --- [utReader-stderr] o.s.boot.docker.compose.core.DockerCli   :  a3f5073def7e Downloading [=========================>                         ]  58.94MB/114.2MB
2025-09-05T15:45:44.746Z  INFO 4406 --- [utReader-stderr] o.s.boot.docker.compose.core.DockerCli   :  f110c2d63c7b Extracting [==================================================>]  1.454MB/1.454MB
2025-09-05T15:45:44.765Z  INFO 4406 --- [utReader-stderr] o.s.boot.docker.compose.core.DockerCli   :  f110c2d63c7b Pull complete 
2025-09-05T15:45:44.768Z  INFO 4406 --- [utReader-stderr] o.s.boot.docker.compose.core.DockerCli   :  34d3b664ecd0 Extracting [>                                                  ]   98.3kB/8.204MB
2025-09-05T15:45:44.872Z  INFO 4406 --- [utReader-stderr] o.s.boot.docker.compose.core.DockerCli   :  34d3b664ecd0 Extracting [===================>                               ]  3.244MB/8.204MB
2025-09-05T15:45:44.876Z  INFO 4406 --- [utReader-stderr] o.s.boot.docker.compose.core.DockerCli   :  a3f5073def7e Downloading [===========================>                       ]  62.13MB/114.2MB
2025-09-05T15:45:44.987Z  INFO 4406 --- [utReader-stderr] o.s.boot.docker.compose.core.DockerCli   :  a3f5073def7e Downloading [============================>                      ]  64.81MB/114.2MB
2025-09-05T15:45:44.991Z  INFO 4406 --- [utReader-stderr] o.s.boot.docker.compose.core.DockerCli   :  34d3b664ecd0 Extracting [=============================>                     ]  4.817MB/8.204MB
2025-09-05T15:45:45.088Z  INFO 4406 --- [utReader-stderr] o.s.boot.docker.compose.core.DockerCli   :  a3f5073def7e Downloading [==============================>                    ]  70.69MB/114.2MB
2025-09-05T15:45:45.097Z  INFO 4406 --- [utReader-stderr] o.s.boot.docker.compose.core.DockerCli   :  34d3b664ecd0 Extracting [======================================>            ]  6.291MB/8.204MB
2025-09-05T15:45:45.165Z  INFO 4406 --- [utReader-stderr] o.s.boot.docker.compose.core.DockerCli   :  34d3b664ecd0 Extracting [==================================================>]  8.204MB/8.204MB
2025-09-05T15:45:45.198Z  INFO 4406 --- [utReader-stderr] o.s.boot.docker.compose.core.DockerCli   :  a3f5073def7e Downloading [=================================>                 ]   75.5MB/114.2MB
2025-09-05T15:45:45.221Z  INFO 4406 --- [utReader-stderr] o.s.boot.docker.compose.core.DockerCli   :  34d3b664ecd0 Pull complete 
2025-09-05T15:45:45.222Z  INFO 4406 --- [utReader-stderr] o.s.boot.docker.compose.core.DockerCli   :  837415f4eac4 Extracting [=>                                                 ]  32.77kB/1.311MB
2025-09-05T15:45:45.281Z  INFO 4406 --- [utReader-stderr] o.s.boot.docker.compose.core.DockerCli   :  837415f4eac4 Extracting [==================================================>]  1.311MB/1.311MB
2025-09-05T15:45:45.298Z  INFO 4406 --- [utReader-stderr] o.s.boot.docker.compose.core.DockerCli   :  a3f5073def7e Downloading [==================================>                ]  78.21MB/114.2MB
2025-09-05T15:45:45.312Z  INFO 4406 --- [utReader-stderr] o.s.boot.docker.compose.core.DockerCli   :  837415f4eac4 Pull complete 
2025-09-05T15:45:45.313Z  INFO 4406 --- [utReader-stderr] o.s.boot.docker.compose.core.DockerCli   :  9c7bb009f799 Extracting [==================================================>]     116B/116B
2025-09-05T15:45:45.315Z  INFO 4406 --- [utReader-stderr] o.s.boot.docker.compose.core.DockerCli   :  9c7bb009f799 Extracting [==================================================>]     116B/116B
2025-09-05T15:45:45.333Z  INFO 4406 --- [utReader-stderr] o.s.boot.docker.compose.core.DockerCli   :  9c7bb009f799 Pull complete 
2025-09-05T15:45:45.334Z  INFO 4406 --- [utReader-stderr] o.s.boot.docker.compose.core.DockerCli   :  5df8dd3bf5ba Extracting [==================================================>]  3.139kB/3.139kB
2025-09-05T15:45:45.336Z  INFO 4406 --- [utReader-stderr] o.s.boot.docker.compose.core.DockerCli   :  5df8dd3bf5ba Extracting [==================================================>]  3.139kB/3.139kB
2025-09-05T15:45:45.356Z  INFO 4406 --- [utReader-stderr] o.s.boot.docker.compose.core.DockerCli   :  5df8dd3bf5ba Pull complete 
2025-09-05T15:45:45.398Z  INFO 4406 --- [utReader-stderr] o.s.boot.docker.compose.core.DockerCli   :  a3f5073def7e Downloading [===================================>               ]  80.35MB/114.2MB
2025-09-05T15:45:45.516Z  INFO 4406 --- [utReader-stderr] o.s.boot.docker.compose.core.DockerCli   :  a3f5073def7e Downloading [====================================>              ]  84.12MB/114.2MB
2025-09-05T15:45:45.665Z  INFO 4406 --- [utReader-stderr] o.s.boot.docker.compose.core.DockerCli   :  a3f5073def7e Downloading [======================================>            ]  88.42MB/114.2MB
2025-09-05T15:45:45.793Z  INFO 4406 --- [utReader-stderr] o.s.boot.docker.compose.core.DockerCli   :  a3f5073def7e Downloading [=========================================>         ]  94.34MB/114.2MB
2025-09-05T15:45:45.904Z  INFO 4406 --- [utReader-stderr] o.s.boot.docker.compose.core.DockerCli   :  a3f5073def7e Downloading [===========================================>       ]  99.69MB/114.2MB
2025-09-05T15:45:46.024Z  INFO 4406 --- [utReader-stderr] o.s.boot.docker.compose.core.DockerCli   :  a3f5073def7e Downloading [=============================================>     ]  104.5MB/114.2MB
2025-09-05T15:45:46.174Z  INFO 4406 --- [utReader-stderr] o.s.boot.docker.compose.core.DockerCli   :  a3f5073def7e Downloading [==============================================>    ]  106.6MB/114.2MB
2025-09-05T15:45:46.284Z  INFO 4406 --- [utReader-stderr] o.s.boot.docker.compose.core.DockerCli   :  a3f5073def7e Downloading [===============================================>   ]  108.3MB/114.2MB
2025-09-05T15:45:46.407Z  INFO 4406 --- [utReader-stderr] o.s.boot.docker.compose.core.DockerCli   :  a3f5073def7e Downloading [================================================>  ]  110.9MB/114.2MB
2025-09-05T15:45:46.535Z  INFO 4406 --- [utReader-stderr] o.s.boot.docker.compose.core.DockerCli   :  a3f5073def7e Downloading [=================================================> ]  114.2MB/114.2MB
2025-09-05T15:45:46.535Z  INFO 4406 --- [utReader-stderr] o.s.boot.docker.compose.core.DockerCli   :  a3f5073def7e Verifying Checksum 
2025-09-05T15:45:46.535Z  INFO 4406 --- [utReader-stderr] o.s.boot.docker.compose.core.DockerCli   :  a3f5073def7e Download complete 
2025-09-05T15:45:46.608Z  INFO 4406 --- [utReader-stderr] o.s.boot.docker.compose.core.DockerCli   :  a3f5073def7e Extracting [>                                                  ]  557.1kB/114.2MB
2025-09-05T15:45:46.713Z  INFO 4406 --- [utReader-stderr] o.s.boot.docker.compose.core.DockerCli   :  a3f5073def7e Extracting [==>                                                ]  5.571MB/114.2MB
2025-09-05T15:45:46.838Z  INFO 4406 --- [utReader-stderr] o.s.boot.docker.compose.core.DockerCli   :  a3f5073def7e Extracting [====>                                              ]   9.47MB/114.2MB
2025-09-05T15:45:46.955Z  INFO 4406 --- [utReader-stderr] o.s.boot.docker.compose.core.DockerCli   :  a3f5073def7e Extracting [=====>                                             ]  12.81MB/114.2MB
2025-09-05T15:45:47.072Z  INFO 4406 --- [utReader-stderr] o.s.boot.docker.compose.core.DockerCli   :  a3f5073def7e Extracting [=======>                                           ]  16.71MB/114.2MB
2025-09-05T15:45:47.185Z  INFO 4406 --- [utReader-stderr] o.s.boot.docker.compose.core.DockerCli   :  a3f5073def7e Extracting [=========>                                         ]  21.17MB/114.2MB
2025-09-05T15:45:47.292Z  INFO 4406 --- [utReader-stderr] o.s.boot.docker.compose.core.DockerCli   :  a3f5073def7e Extracting [==========>                                        ]  24.51MB/114.2MB
2025-09-05T15:45:47.399Z  INFO 4406 --- [utReader-stderr] o.s.boot.docker.compose.core.DockerCli   :  a3f5073def7e Extracting [============>                                      ]  29.52MB/114.2MB
2025-09-05T15:45:47.507Z  INFO 4406 --- [utReader-stderr] o.s.boot.docker.compose.core.DockerCli   :  a3f5073def7e Extracting [===============>                                   ]  35.65MB/114.2MB
2025-09-05T15:45:47.613Z  INFO 4406 --- [utReader-stderr] o.s.boot.docker.compose.core.DockerCli   :  a3f5073def7e Extracting [==================>                                ]  41.78MB/114.2MB
2025-09-05T15:45:47.717Z  INFO 4406 --- [utReader-stderr] o.s.boot.docker.compose.core.DockerCli   :  a3f5073def7e Extracting [====================>                              ]  47.91MB/114.2MB
2025-09-05T15:45:47.829Z  INFO 4406 --- [utReader-stderr] o.s.boot.docker.compose.core.DockerCli   :  a3f5073def7e Extracting [=======================>                           ]  54.03MB/114.2MB
2025-09-05T15:45:47.946Z  INFO 4406 --- [utReader-stderr] o.s.boot.docker.compose.core.DockerCli   :  a3f5073def7e Extracting [=========================>                         ]  57.38MB/114.2MB
2025-09-05T15:45:48.047Z  INFO 4406 --- [utReader-stderr] o.s.boot.docker.compose.core.DockerCli   :  a3f5073def7e Extracting [==========================>                        ]  61.28MB/114.2MB
2025-09-05T15:45:48.159Z  INFO 4406 --- [utReader-stderr] o.s.boot.docker.compose.core.DockerCli   :  a3f5073def7e Extracting [=============================>                     ]   67.4MB/114.2MB
2025-09-05T15:45:48.262Z  INFO 4406 --- [utReader-stderr] o.s.boot.docker.compose.core.DockerCli   :  a3f5073def7e Extracting [================================>                  ]  73.53MB/114.2MB
2025-09-05T15:45:48.370Z  INFO 4406 --- [utReader-stderr] o.s.boot.docker.compose.core.DockerCli   :  a3f5073def7e Extracting [==================================>                ]   79.1MB/114.2MB
2025-09-05T15:45:48.478Z  INFO 4406 --- [utReader-stderr] o.s.boot.docker.compose.core.DockerCli   :  a3f5073def7e Extracting [=====================================>             ]  85.23MB/114.2MB
2025-09-05T15:45:48.580Z  INFO 4406 --- [utReader-stderr] o.s.boot.docker.compose.core.DockerCli   :  a3f5073def7e Extracting [========================================>          ]  91.36MB/114.2MB
2025-09-05T15:45:48.705Z  INFO 4406 --- [utReader-stderr] o.s.boot.docker.compose.core.DockerCli   :  a3f5073def7e Extracting [==========================================>        ]  96.37MB/114.2MB
2025-09-05T15:45:48.806Z  INFO 4406 --- [utReader-stderr] o.s.boot.docker.compose.core.DockerCli   :  a3f5073def7e Extracting [===========================================>       ]   98.6MB/114.2MB
2025-09-05T15:45:48.956Z  INFO 4406 --- [utReader-stderr] o.s.boot.docker.compose.core.DockerCli   :  a3f5073def7e Extracting [============================================>      ]  101.4MB/114.2MB
2025-09-05T15:45:49.066Z  INFO 4406 --- [utReader-stderr] o.s.boot.docker.compose.core.DockerCli   :  a3f5073def7e Extracting [=============================================>     ]  104.7MB/114.2MB
2025-09-05T15:45:49.202Z  INFO 4406 --- [utReader-stderr] o.s.boot.docker.compose.core.DockerCli   :  a3f5073def7e Extracting [===============================================>   ]  108.1MB/114.2MB
2025-09-05T15:45:49.375Z  INFO 4406 --- [utReader-stderr] o.s.boot.docker.compose.core.DockerCli   :  a3f5073def7e Extracting [================================================>  ]  110.3MB/114.2MB
2025-09-05T15:45:49.593Z  INFO 4406 --- [utReader-stderr] o.s.boot.docker.compose.core.DockerCli   :  a3f5073def7e Extracting [=================================================> ]  112.5MB/114.2MB
2025-09-05T15:45:49.735Z  INFO 4406 --- [utReader-stderr] o.s.boot.docker.compose.core.DockerCli   :  a3f5073def7e Extracting [=================================================> ]  113.6MB/114.2MB
2025-09-05T15:45:49.774Z  INFO 4406 --- [utReader-stderr] o.s.boot.docker.compose.core.DockerCli   :  a3f5073def7e Extracting [==================================================>]  114.2MB/114.2MB
2025-09-05T15:45:49.775Z  INFO 4406 --- [utReader-stderr] o.s.boot.docker.compose.core.DockerCli   :  a3f5073def7e Extracting [==================================================>]  114.2MB/114.2MB
2025-09-05T15:45:50.350Z  INFO 4406 --- [utReader-stderr] o.s.boot.docker.compose.core.DockerCli   :  a3f5073def7e Pull complete 
2025-09-05T15:45:50.351Z  INFO 4406 --- [utReader-stderr] o.s.boot.docker.compose.core.DockerCli   :  e55e06bab052 Extracting [==================================================>]  10.34kB/10.34kB
2025-09-05T15:45:50.352Z  INFO 4406 --- [utReader-stderr] o.s.boot.docker.compose.core.DockerCli   :  e55e06bab052 Extracting [==================================================>]  10.34kB/10.34kB
2025-09-05T15:45:50.367Z  INFO 4406 --- [utReader-stderr] o.s.boot.docker.compose.core.DockerCli   :  e55e06bab052 Pull complete 
2025-09-05T15:45:50.368Z  INFO 4406 --- [utReader-stderr] o.s.boot.docker.compose.core.DockerCli   :  b39abc7629b8 Extracting [==================================================>]     128B/128B
2025-09-05T15:45:50.368Z  INFO 4406 --- [utReader-stderr] o.s.boot.docker.compose.core.DockerCli   :  b39abc7629b8 Extracting [==================================================>]     128B/128B
2025-09-05T15:45:50.377Z  INFO 4406 --- [utReader-stderr] o.s.boot.docker.compose.core.DockerCli   :  b39abc7629b8 Pull complete 
2025-09-05T15:45:50.378Z  INFO 4406 --- [utReader-stderr] o.s.boot.docker.compose.core.DockerCli   :  09565ee06ad1 Extracting [==================================================>]     167B/167B
2025-09-05T15:45:50.378Z  INFO 4406 --- [utReader-stderr] o.s.boot.docker.compose.core.DockerCli   :  09565ee06ad1 Extracting [==================================================>]     167B/167B
2025-09-05T15:45:50.386Z  INFO 4406 --- [utReader-stderr] o.s.boot.docker.compose.core.DockerCli   :  09565ee06ad1 Pull complete 
2025-09-05T15:45:50.387Z  INFO 4406 --- [utReader-stderr] o.s.boot.docker.compose.core.DockerCli   :  dfb76d5a073e Extracting [==================================================>]  5.925kB/5.925kB
2025-09-05T15:45:50.387Z  INFO 4406 --- [utReader-stderr] o.s.boot.docker.compose.core.DockerCli   :  dfb76d5a073e Extracting [==================================================>]  5.925kB/5.925kB
2025-09-05T15:45:50.397Z  INFO 4406 --- [utReader-stderr] o.s.boot.docker.compose.core.DockerCli   :  dfb76d5a073e Pull complete 
2025-09-05T15:45:50.397Z  INFO 4406 --- [utReader-stderr] o.s.boot.docker.compose.core.DockerCli   :  b32c22ae91d9 Extracting [==================================================>]     186B/186B
2025-09-05T15:45:50.398Z  INFO 4406 --- [utReader-stderr] o.s.boot.docker.compose.core.DockerCli   :  b32c22ae91d9 Extracting [==================================================>]     186B/186B
2025-09-05T15:45:50.405Z  INFO 4406 --- [utReader-stderr] o.s.boot.docker.compose.core.DockerCli   :  b32c22ae91d9 Pull complete 
2025-09-05T15:45:50.412Z  INFO 4406 --- [utReader-stderr] o.s.boot.docker.compose.core.DockerCli   :  postgres Pulled 
2025-09-05T15:45:50.414Z  INFO 4406 --- [utReader-stderr] o.s.boot.docker.compose.core.DockerCli   :  Network spring-petclinic_default  Creating
2025-09-05T15:45:50.448Z  INFO 4406 --- [utReader-stderr] o.s.boot.docker.compose.core.DockerCli   :  Network spring-petclinic_default  Created
2025-09-05T15:45:50.449Z  INFO 4406 --- [utReader-stderr] o.s.boot.docker.compose.core.DockerCli   :  Container spring-petclinic-postgres-1  Creating
2025-09-05T15:45:50.468Z  INFO 4406 --- [utReader-stderr] o.s.boot.docker.compose.core.DockerCli   :  Container spring-petclinic-postgres-1  Created
2025-09-05T15:45:50.469Z  INFO 4406 --- [utReader-stderr] o.s.boot.docker.compose.core.DockerCli   :  Container spring-petclinic-postgres-1  Starting
2025-09-05T15:45:50.621Z  INFO 4406 --- [utReader-stderr] o.s.boot.docker.compose.core.DockerCli   :  Container spring-petclinic-postgres-1  Started
2025-09-05T15:45:50.621Z  INFO 4406 --- [utReader-stderr] o.s.boot.docker.compose.core.DockerCli   :  Container spring-petclinic-postgres-1  Waiting
2025-09-05T15:45:51.123Z  INFO 4406 --- [utReader-stderr] o.s.boot.docker.compose.core.DockerCli   :  Container spring-petclinic-postgres-1  Healthy
2025-09-05T15:45:52.674Z  INFO 4406 --- [           main] .s.d.r.c.RepositoryConfigurationDelegate : Bootstrapping Spring Data JPA repositories in DEFAULT mode.
2025-09-05T15:45:52.683Z  INFO 4406 --- [           main] .s.d.r.c.RepositoryConfigurationDelegate : Finished Spring Data repository scanning in 7 ms. Found 3 JPA repository interfaces.
2025-09-05T15:45:52.761Z  INFO 4406 --- [           main] o.s.b.w.embedded.tomcat.TomcatWebServer  : Tomcat initialized with port 0 (http)
2025-09-05T15:45:52.762Z  INFO 4406 --- [           main] o.apache.catalina.core.StandardService   : Starting service [Tomcat]
2025-09-05T15:45:52.762Z  INFO 4406 --- [           main] o.apache.catalina.core.StandardEngine    : Starting Servlet engine: [Apache Tomcat/10.1.41]
2025-09-05T15:45:52.776Z  INFO 4406 --- [           main] o.a.c.c.C.[Tomcat-3].[localhost].[/]     : Initializing Spring embedded WebApplicationContext
2025-09-05T15:45:52.776Z  INFO 4406 --- [           main] w.s.c.ServletWebServerApplicationContext : Root WebApplicationContext: initialization completed in 308 ms
2025-09-05T15:45:52.835Z  INFO 4406 --- [           main] com.zaxxer.hikari.HikariDataSource       : HikariPool-4 - Starting...
2025-09-05T15:45:53.106Z  INFO 4406 --- [           main] com.zaxxer.hikari.pool.HikariPool        : HikariPool-4 - Added connection org.postgresql.jdbc.PgConnection@7cb0ae5a
2025-09-05T15:45:53.107Z  INFO 4406 --- [           main] com.zaxxer.hikari.HikariDataSource       : HikariPool-4 - Start completed.
2025-09-05T15:45:53.228Z  INFO 4406 --- [           main] o.hibernate.jpa.internal.util.LogHelper  : HHH000204: Processing PersistenceUnitInfo [name: default]
2025-09-05T15:45:53.231Z  INFO 4406 --- [           main] o.h.c.internal.RegionFactoryInitiator    : HHH000026: Second-level cache disabled
2025-09-05T15:45:53.250Z  INFO 4406 --- [           main] o.s.o.j.p.SpringPersistenceUnitInfo      : No LoadTimeWeaver setup: ignoring JPA class transformer
2025-09-05T15:45:53.282Z  INFO 4406 --- [           main] org.hibernate.orm.connections.pooling    : HHH10001005: Database info:
	Database JDBC URL [Connecting through datasource 'HikariDataSource (HikariPool-4)']
	Database driver: undefined/unknown
	Database version: 17.5
	Autocommit mode: undefined/unknown
	Isolation level: undefined/unknown
	Minimum pool size: undefined/unknown
	Maximum pool size: undefined/unknown
2025-09-05T15:45:53.403Z  INFO 4406 --- [           main] o.h.e.t.j.p.i.JtaPlatformInitiator       : HHH000489: No JTA platform available (set 'hibernate.transaction.jta.platform' to enable JTA platform integration)
2025-09-05T15:45:53.404Z  INFO 4406 --- [           main] j.LocalContainerEntityManagerFactoryBean : Initialized JPA EntityManagerFactory for persistence unit 'default'
2025-09-05T15:45:53.652Z  INFO 4406 --- [           main] o.s.b.a.e.web.EndpointLinksResolver      : Exposing 13 endpoints beneath base path '/actuator'
2025-09-05T15:45:53.684Z  INFO 4406 --- [           main] o.s.b.w.embedded.tomcat.TomcatWebServer  : Tomcat started on port 32775 (http) with context path '/'
2025-09-05T15:45:53.690Z  INFO 4406 --- [           main] o.s.s.p.PostgresIntegrationTests         : Started PostgresIntegrationTests in 13.315 seconds (process running for 67.444)
]]></system-out>
  </testcase>
  <testcase name="testOwnerDetails" classname="org.springframework.samples.petclinic.PostgresIntegrationTests" time="0.089">
    <system-out><![CDATA[2025-09-05T15:45:53.743Z  INFO 4406 --- [o-auto-4-exec-2] o.a.c.c.C.[Tomcat-3].[localhost].[/]     : Initializing Spring DispatcherServlet 'dispatcherServlet'
2025-09-05T15:45:53.743Z  INFO 4406 --- [o-auto-4-exec-2] o.s.web.servlet.DispatcherServlet        : Initializing Servlet 'dispatcherServlet'
2025-09-05T15:45:53.743Z  INFO 4406 --- [o-auto-4-exec-2] o.s.web.servlet.DispatcherServlet        : Completed initialization in 0 ms
]]></system-out>
  </testcase>
</testsuite>