<?xml version="1.0" encoding="UTF-8"?>
<testsuite xmlns:xsi="http://www.w3.org/2001/XMLSchema-instance" xsi:noNamespaceSchemaLocation="https://maven.apache.org/surefire/maven-surefire-plugin/xsd/surefire-test-report.xsd" version="3.0.2" name="org.springframework.samples.petclinic.MySqlIntegrationTests" time="41.495" tests="2" errors="0" skipped="0" failures="0">
  <properties>
[...]
</properties>
  <testcase name="testFindAll" classname="org.springframework.samples.petclinic.MySqlIntegrationTests" time="0.631">
    <system-out><![CDATA[15:44:47.520 [main] INFO org.testcontainers.DockerClientFactory -- Testcontainers version: 1.21.0
15:44:48.612 [main] INFO org.testcontainers.dockerclient.DockerClientProviderStrategy -- Found Docker environment with local Unix socket (unix:///var/run/docker.sock)
15:44:48.621 [main] INFO org.testcontainers.DockerClientFactory -- Docker host IP address is localhost
15:44:48.648 [main] INFO org.testcontainers.DockerClientFactory -- Connected to docker: 
  Server Version: 28.0.4
  API Version: 1.48
  Operating System: Ubuntu 24.04.3 LTS
  Total Memory: 15995 MB
15:44:48.668 [main] INFO org.testcontainers.images.PullPolicy -- Image pull policy will be performed by: DefaultPullPolicy()
15:44:48.672 [main] INFO org.testcontainers.utility.ImageNameSubstitutor -- Image name substitution will be performed by: DefaultImageNameSubstitutor (composite of 'ConfigurationFileImageNameSubstitutor' and 'PrefixingImageNameSubstitutor')
15:44:48.712 [main] INFO tc.testcontainers/ryuk:0.11.0 -- Pulling docker image: testcontainers/ryuk:0.11.0. Please be patient; this may take some time but only needs to be done once.
15:44:49.524 [docker-java-stream--1295187651] INFO tc.testcontainers/ryuk:0.11.0 -- Starting to pull image
15:44:49.565 [docker-java-stream--1295187651] INFO tc.testcontainers/ryuk:0.11.0 -- Pulling image layers:  0 pending,  0 downloaded,  0 extracted, (0 bytes/0 bytes)
15:44:50.126 [docker-java-stream--1295187651] INFO tc.testcontainers/ryuk:0.11.0 -- Pulling image layers:  2 pending,  1 downloaded,  0 extracted, (116 KB/? MB)
15:44:50.147 [docker-java-stream--1295187651] INFO tc.testcontainers/ryuk:0.11.0 -- Pulling image layers:  1 pending,  2 downloaded,  0 extracted, (3 MB/? MB)
15:44:50.210 [docker-java-stream--1295187651] INFO tc.testcontainers/ryuk:0.11.0 -- Pulling image layers:  0 pending,  3 downloaded,  0 extracted, (7 MB/10 MB)
15:44:50.253 [docker-java-stream--1295187651] INFO tc.testcontainers/ryuk:0.11.0 -- Pulling image layers:  0 pending,  3 downloaded,  1 extracted, (7 MB/10 MB)
15:44:50.364 [docker-java-stream--1295187651] INFO tc.testcontainers/ryuk:0.11.0 -- Pulling image layers:  0 pending,  3 downloaded,  2 extracted, (8 MB/10 MB)
15:44:50.399 [docker-java-stream--1295187651] INFO tc.testcontainers/ryuk:0.11.0 -- Pulling image layers:  0 pending,  3 downloaded,  3 extracted, (10 MB/10 MB)
15:44:50.405 [main] INFO tc.testcontainers/ryuk:0.11.0 -- Image testcontainers/ryuk:0.11.0 pull took PT1.693167028S
15:44:50.440 [main] INFO tc.testcontainers/ryuk:0.11.0 -- Creating container for image: testcontainers/ryuk:0.11.0
15:44:50.548 [main] INFO tc.testcontainers/ryuk:0.11.0 -- Container testcontainers/ryuk:0.11.0 is starting: b8a58c2345039817ee33351e6cc56ff9c42386cfec8e6182453789ee1333aa75
15:44:50.952 [main] INFO tc.testcontainers/ryuk:0.11.0 -- Container testcontainers/ryuk:0.11.0 started in PT0.512055431S
15:44:50.959 [main] INFO org.testcontainers.utility.RyukResourceReaper -- Ryuk started - will monitor and terminate Testcontainers containers on JVM exit
15:44:50.960 [main] INFO org.testcontainers.DockerClientFactory -- Checking the system...
15:44:50.960 [main] INFO org.testcontainers.DockerClientFactory -- ✔︎ Docker server version should be at least 1.6.0
15:44:51.090 [main] INFO org.springframework.test.context.support.AnnotationConfigContextLoaderUtils -- Could not detect default configuration classes for test class [org.springframework.samples.petclinic.MySqlIntegrationTests]: MySqlIntegrationTests does not declare any static, non-private, non-final, nested classes annotated with @Configuration.
15:44:51.129 [main] INFO tc.mysql:9.2 -- Pulling docker image: mysql:9.2. Please be patient; this may take some time but only needs to be done once.
15:44:51.870 [docker-java-stream--479351180] INFO tc.mysql:9.2 -- Starting to pull image
15:44:51.871 [docker-java-stream--479351180] INFO tc.mysql:9.2 -- Pulling image layers:  0 pending,  0 downloaded,  0 extracted, (0 bytes/0 bytes)
15:44:52.393 [docker-java-stream--479351180] INFO tc.mysql:9.2 -- Pulling image layers:  9 pending,  1 downloaded,  0 extracted, (959 KB/? MB)
15:44:52.431 [docker-java-stream--479351180] INFO tc.mysql:9.2 -- Pulling image layers:  8 pending,  2 downloaded,  0 extracted, (1 MB/? MB)
15:44:52.699 [docker-java-stream--479351180] INFO tc.mysql:9.2 -- Pulling image layers:  7 pending,  3 downloaded,  0 extracted, (14 MB/? MB)
15:44:52.993 [docker-java-stream--479351180] INFO tc.mysql:9.2 -- Pulling image layers:  6 pending,  4 downloaded,  0 extracted, (41 MB/? MB)
15:44:53.084 [docker-java-stream--479351180] INFO tc.mysql:9.2 -- Pulling image layers:  5 pending,  5 downloaded,  0 extracted, (46 MB/? MB)
15:44:53.153 [docker-java-stream--479351180] INFO tc.mysql:9.2 -- Pulling image layers:  4 pending,  6 downloaded,  0 extracted, (46 MB/? MB)
15:44:53.405 [docker-java-stream--479351180] INFO tc.mysql:9.2 -- Pulling image layers:  3 pending,  7 downloaded,  0 extracted, (47 MB/? MB)
15:44:53.670 [docker-java-stream--479351180] INFO tc.mysql:9.2 -- Pulling image layers:  2 pending,  8 downloaded,  0 extracted, (68 MB/? MB)
15:44:54.054 [docker-java-stream--479351180] INFO tc.mysql:9.2 -- Pulling image layers:  1 pending,  9 downloaded,  0 extracted, (99 MB/? MB)
15:44:54.376 [docker-java-stream--479351180] INFO tc.mysql:9.2 -- Pulling image layers:  1 pending,  9 downloaded,  1 extracted, (111 MB/? MB)
15:44:54.642 [docker-java-stream--479351180] INFO tc.mysql:9.2 -- Pulling image layers:  1 pending,  9 downloaded,  2 extracted, (117 MB/? MB)
15:44:54.682 [docker-java-stream--479351180] INFO tc.mysql:9.2 -- Pulling image layers:  1 pending,  9 downloaded,  3 extracted, (117 MB/? MB)
15:44:54.915 [docker-java-stream--479351180] INFO tc.mysql:9.2 -- Pulling image layers:  1 pending,  9 downloaded,  4 extracted, (124 MB/? MB)
15:44:54.925 [docker-java-stream--479351180] INFO tc.mysql:9.2 -- Pulling image layers:  1 pending,  9 downloaded,  5 extracted, (132 MB/? MB)
15:44:54.935 [docker-java-stream--479351180] INFO tc.mysql:9.2 -- Pulling image layers:  1 pending,  9 downloaded,  6 extracted, (132 MB/? MB)
15:44:55.889 [docker-java-stream--479351180] INFO tc.mysql:9.2 -- Pulling image layers:  1 pending,  9 downloaded,  7 extracted, (194 MB/? MB)
15:44:55.934 [docker-java-stream--479351180] INFO tc.mysql:9.2 -- Pulling image layers:  1 pending,  9 downloaded,  8 extracted, (204 MB/? MB)
15:44:56.319 [docker-java-stream--479351180] INFO tc.mysql:9.2 -- Pulling image layers:  0 pending, 10 downloaded,  8 extracted, (229 MB/229 MB)
15:45:03.578 [docker-java-stream--479351180] INFO tc.mysql:9.2 -- Pulling image layers:  0 pending, 10 downloaded,  9 extracted, (229 MB/229 MB)
15:45:03.589 [docker-java-stream--479351180] INFO tc.mysql:9.2 -- Pulling image layers:  0 pending, 10 downloaded, 10 extracted, (229 MB/229 MB)
15:45:03.595 [docker-java-stream--479351180] INFO tc.mysql:9.2 -- Pull complete. 10 layers, pulled in 11s (downloaded 229 MB at 20 MB/s)
15:45:03.595 [main] INFO tc.mysql:9.2 -- Image mysql:9.2 pull took PT12.465340917S
15:45:03.787 [main] INFO org.springframework.boot.test.context.SpringBootTestContextBootstrapper -- Found @SpringBootConfiguration org.springframework.samples.petclinic.PetClinicApplication for test class org.springframework.samples.petclinic.MySqlIntegrationTests
15:45:03.945 [main] INFO tc.mysql:9.2 -- Creating container for image: mysql:9.2
15:45:04.003 [main] INFO tc.mysql:9.2 -- Container mysql:9.2 is starting: d35d7f155ec7f9df0a100f22cee4354c169a3da16f4ed7b459d2bf446c4ea983
15:45:04.198 [main] INFO tc.mysql:9.2 -- Waiting for database connection to become available at jdbc:mysql://localhost:32769/test using query 'SELECT 1'
15:45:12.966 [main] INFO tc.mysql:9.2 -- Container mysql:9.2 started in PT9.021181088S
15:45:12.967 [main] INFO tc.mysql:9.2 -- Container is started (JDBC URL: jdbc:mysql://localhost:32769/test)
15:45:13.056 [main] INFO org.springframework.boot.devtools.restart.RestartApplicationListener -- Restart disabled due to context in which it is running


              |\      _,,,--,,_
             /,`.-'`'   ._  \-;;,_
  _______ __|,4-  ) )_   .;.(__`'-'__     ___ __    _ ___ _______
 |       | '---''(_/._)-'(_\_)   |   |   |   |  |  | |   |       |
 |    _  |    ___|_     _|       |   |   |   |   |_| |   |       | __ _ _
 |   |_| |   |___  |   | |       |   |   |   |       |   |       | \ \ \ \
 |    ___|    ___| |   | |      _|   |___|   |  _    |   |      _|  \ \ \ \
 |   |   |   |___  |   | |     |_|       |   | | |   |   |     |_    ) ) ) )
 |___|   |_______| |___| |_______|_______|___|_|  |__|___|_______|  / / / /
 ==================================================================/_/_/_/

:: Built with Spring Boot :: 3.5.0


2025-09-05T15:45:13.583Z  INFO 4406 --- [           main] o.s.s.petclinic.MySqlIntegrationTests    : Starting MySqlIntegrationTests using Java 17.0.16 with PID 4406 (started by runner in /home/runner/work/spring-petclinic/spring-petclinic)
2025-09-05T15:45:13.585Z  INFO 4406 --- [           main] o.s.s.petclinic.MySqlIntegrationTests    : The following 1 profile is active: "mysql"
2025-09-05T15:45:14.867Z  INFO 4406 --- [           main] .s.d.r.c.RepositoryConfigurationDelegate : Bootstrapping Spring Data JPA repositories in DEFAULT mode.
2025-09-05T15:45:14.948Z  INFO 4406 --- [           main] .s.d.r.c.RepositoryConfigurationDelegate : Finished Spring Data repository scanning in 66 ms. Found 3 JPA repository interfaces.
2025-09-05T15:45:15.783Z  INFO 4406 --- [           main] o.s.b.w.embedded.tomcat.TomcatWebServer  : Tomcat initialized with port 0 (http)
2025-09-05T15:45:15.803Z  INFO 4406 --- [           main] o.apache.catalina.core.StandardService   : Starting service [Tomcat]
2025-09-05T15:45:15.803Z  INFO 4406 --- [           main] o.apache.catalina.core.StandardEngine    : Starting Servlet engine: [Apache Tomcat/10.1.41]
2025-09-05T15:45:15.866Z  INFO 4406 --- [           main] o.a.c.c.C.[Tomcat].[localhost].[/]       : Initializing Spring embedded WebApplicationContext
2025-09-05T15:45:15.867Z  INFO 4406 --- [           main] w.s.c.ServletWebServerApplicationContext : Root WebApplicationContext: initialization completed in 2236 ms
2025-09-05T15:45:16.192Z  INFO 4406 --- [           main] com.zaxxer.hikari.HikariDataSource       : HikariPool-1 - Starting...
2025-09-05T15:45:16.359Z  INFO 4406 --- [           main] com.zaxxer.hikari.pool.HikariPool        : HikariPool-1 - Added connection com.mysql.cj.jdbc.ConnectionImpl@e10da5f
2025-09-05T15:45:16.361Z  INFO 4406 --- [           main] com.zaxxer.hikari.HikariDataSource       : HikariPool-1 - Start completed.
2025-09-05T15:45:16.820Z  INFO 4406 --- [           main] o.hibernate.jpa.internal.util.LogHelper  : HHH000204: Processing PersistenceUnitInfo [name: default]
2025-09-05T15:45:16.922Z  INFO 4406 --- [           main] org.hibernate.Version                    : HHH000412: Hibernate ORM core version 6.6.15.Final
2025-09-05T15:45:16.976Z  INFO 4406 --- [           main] o.h.c.internal.RegionFactoryInitiator    : HHH000026: Second-level cache disabled
2025-09-05T15:45:17.418Z  INFO 4406 --- [           main] o.s.o.j.p.SpringPersistenceUnitInfo      : No LoadTimeWeaver setup: ignoring JPA class transformer
2025-09-05T15:45:17.554Z  INFO 4406 --- [           main] org.hibernate.orm.connections.pooling    : HHH10001005: Database info:
	Database JDBC URL [Connecting through datasource 'HikariDataSource (HikariPool-1)']
	Database driver: undefined/unknown
	Database version: 9.2
	Autocommit mode: undefined/unknown
	Isolation level: undefined/unknown
	Minimum pool size: undefined/unknown
	Maximum pool size: undefined/unknown
2025-09-05T15:45:18.907Z  INFO 4406 --- [           main] o.h.e.t.j.p.i.JtaPlatformInitiator       : HHH000489: No JTA platform available (set 'hibernate.transaction.jta.platform' to enable JTA platform integration)
2025-09-05T15:45:18.910Z  INFO 4406 --- [           main] j.LocalContainerEntityManagerFactoryBean : Initialized JPA EntityManagerFactory for persistence unit 'default'
2025-09-05T15:45:18.925Z  INFO 4406 --- [           main] tc.mysql:9.2                             : Creating container for image: mysql:9.2
2025-09-05T15:45:18.969Z  INFO 4406 --- [           main] tc.mysql:9.2                             : Container mysql:9.2 is starting: 031c565ebca8bb8db54cd72f0f52817d72f11aff15b6778a7720d384a9ee9ff1
2025-09-05T15:45:19.158Z  INFO 4406 --- [           main] tc.mysql:9.2                             : Waiting for database connection to become available at jdbc:mysql://localhost:32770/test using query 'SELECT 1'
2025-09-05T15:45:28.608Z  INFO 4406 --- [           main] tc.mysql:9.2                             : Container mysql:9.2 started in PT9.682838623S
2025-09-05T15:45:28.608Z  INFO 4406 --- [           main] tc.mysql:9.2                             : Container is started (JDBC URL: jdbc:mysql://localhost:32770/test)
2025-09-05T15:45:28.984Z  INFO 4406 --- [           main] o.s.d.j.r.query.QueryEnhancerFactory     : Hibernate is in classpath; If applicable, HQL parser will be used.
2025-09-05T15:45:30.165Z  INFO 4406 --- [           main] o.s.b.a.e.web.EndpointLinksResolver      : Exposing 13 endpoints beneath base path '/actuator'
2025-09-05T15:45:30.399Z  INFO 4406 --- [           main] o.s.b.w.embedded.tomcat.TomcatWebServer  : Tomcat started on port 44373 (http) with context path '/'
2025-09-05T15:45:30.426Z  INFO 4406 --- [           main] o.s.s.petclinic.MySqlIntegrationTests    : Started MySqlIntegrationTests in 17.385 seconds (process running for 44.181)
]]></system-out>
  </testcase>
  <testcase name="testOwnerDetails" classname="org.springframework.samples.petclinic.MySqlIntegrationTests" time="0.894">
    <system-out><![CDATA[2025-09-05T15:45:31.601Z  INFO 4406 --- [o-auto-1-exec-1] o.a.c.c.C.[Tomcat].[localhost].[/]       : Initializing Spring DispatcherServlet 'dispatcherServlet'
2025-09-05T15:45:31.601Z  INFO 4406 --- [o-auto-1-exec-1] o.s.web.servlet.DispatcherServlet        : Initializing Servlet 'dispatcherServlet'
2025-09-05T15:45:31.603Z  INFO 4406 --- [o-auto-1-exec-1] o.s.web.servlet.DispatcherServlet        : Completed initialization in 2 ms
]]></system-out>
  </testcase>
</testsuite>