<?xml version="1.0" encoding="UTF-8"?>
<testsuite xmlns:xsi="http://www.w3.org/2001/XMLSchema-instance" xsi:noNamespaceSchemaLocation="https://maven.apache.org/surefire/maven-surefire-plugin/xsd/surefire-test-report.xsd" version="3.0.2" name="org.springframework.samples.petclinic.MySqlIntegrationTests" time="27.851" tests="2" errors="0" skipped="0" failures="0">
  <properties>
[...]
</properties>
  <testcase name="testFindAll" classname="org.springframework.samples.petclinic.MySqlIntegrationTests" time="0.527">
    <system-out><![CDATA[15:47:07.889 [main] INFO org.testcontainers.DockerClientFactory -- Testcontainers version: 1.21.0
15:47:08.561 [main] INFO org.testcontainers.dockerclient.DockerClientProviderStrategy -- Loaded org.testcontainers.dockerclient.UnixSocketClientProviderStrategy from ~/.testcontainers.properties, will try it first
15:47:08.940 [main] INFO org.testcontainers.dockerclient.DockerClientProviderStrategy -- Found Docker environment with local Unix socket (unix:///var/run/docker.sock)
15:47:08.943 [main] INFO org.testcontainers.DockerClientFactory -- Docker host IP address is localhost
15:47:08.966 [main] INFO org.testcontainers.DockerClientFactory -- Connected to docker: 
  Server Version: 28.0.4
  API Version: 1.48
  Operating System: Ubuntu 24.04.3 LTS
  Total Memory: 15995 MB
15:47:08.987 [main] INFO org.testcontainers.images.PullPolicy -- Image pull policy will be performed by: DefaultPullPolicy()
15:47:08.990 [main] INFO org.testcontainers.utility.ImageNameSubstitutor -- Image name substitution will be performed by: DefaultImageNameSubstitutor (composite of 'ConfigurationFileImageNameSubstitutor' and 'PrefixingImageNameSubstitutor')
15:47:09.019 [main] INFO tc.testcontainers/ryuk:0.11.0 -- Creating container for image: testcontainers/ryuk:0.11.0
15:47:09.193 [main] INFO tc.testcontainers/ryuk:0.11.0 -- Container testcontainers/ryuk:0.11.0 is starting: 3d2d24de5d768705ca81557603f2e7bf32b6781e21ec3e83e6a5de3cb7bc57fd
15:47:09.531 [main] INFO tc.testcontainers/ryuk:0.11.0 -- Container testcontainers/ryuk:0.11.0 started in PT0.51257685S
15:47:09.537 [main] INFO org.testcontainers.utility.RyukResourceReaper -- Ryuk started - will monitor and terminate Testcontainers containers on JVM exit
15:47:09.537 [main] INFO org.testcontainers.DockerClientFactory -- Checking the system...
15:47:09.537 [main] INFO org.testcontainers.DockerClientFactory -- ✔︎ Docker server version should be at least 1.6.0
15:47:09.709 [main] INFO org.springframework.test.context.support.AnnotationConfigContextLoaderUtils -- Could not detect default configuration classes for test class [org.springframework.samples.petclinic.MySqlIntegrationTests]: MySqlIntegrationTests does not declare any static, non-private, non-final, nested classes annotated with @Configuration.
15:47:09.963 [main] INFO org.springframework.boot.test.context.SpringBootTestContextBootstrapper -- Found @SpringBootConfiguration org.springframework.samples.petclinic.PetClinicApplication for test class org.springframework.samples.petclinic.MySqlIntegrationTests
15:47:10.124 [main] INFO tc.mysql:9.2 -- Creating container for image: mysql:9.2
15:47:10.193 [main] INFO tc.mysql:9.2 -- Container mysql:9.2 is starting: ef40187f9dfa98dbbf4a784e336305784533282d3e938f40ace446cb78d7353b
15:47:10.380 [main] INFO tc.mysql:9.2 -- Waiting for database connection to become available at jdbc:mysql://localhost:32772/test using query 'SELECT 1'
15:47:18.131 [main] INFO tc.mysql:9.2 -- Container mysql:9.2 started in PT8.006734019S
15:47:18.131 [main] INFO tc.mysql:9.2 -- Container is started (JDBC URL: jdbc:mysql://localhost:32772/test)
15:47:18.200 [main] INFO org.springframework.boot.devtools.restart.RestartApplicationListener -- Restart disabled due to context in which it is running


              |\      _,,,--,,_
             /,`.-'`'   ._  \-;;,_
  _______ __|,4-  ) )_   .;.(__`'-'__     ___ __    _ ___ _______
 |       | '---''(_/._)-'(_\_)   |   |   |   |  |  | |   |       |
 |    _  |    ___|_     _|       |   |   |   |   |_| |   |       | __ _ _
 |   |_| |   |___  |   | |       |   |   |   |       |   |       | \ \ \ \
 |    ___|    ___| |   | |      _|   |___|   |  _    |   |      _|  \ \ \ \
 |   |   |   |___  |   | |     |_|       |   | | |   |   |     |_    ) ) ) )
 |___|   |_______| |___| |_______|_______|___|_|  |__|___|_______|  / / / /
 ==================================================================/_/_/_/

:: Built with Spring Boot :: 3.5.0


2025-09-05T15:47:18.671Z  INFO 6338 --- [           main] o.s.s.petclinic.MySqlIntegrationTests    : Starting MySqlIntegrationTests using Java 17.0.16 with PID 6338 (started by runner in /home/runner/work/spring-petclinic/spring-petclinic)
2025-09-05T15:47:18.673Z  INFO 6338 --- [           main] o.s.s.petclinic.MySqlIntegrationTests    : The following 1 profile is active: "mysql"
2025-09-05T15:47:20.044Z  INFO 6338 --- [           main] .s.d.r.c.RepositoryConfigurationDelegate : Bootstrapping Spring Data JPA repositories in DEFAULT mode.
2025-09-05T15:47:20.129Z  INFO 6338 --- [           main] .s.d.r.c.RepositoryConfigurationDelegate : Finished Spring Data repository scanning in 71 ms. Found 3 JPA repository interfaces.
2025-09-05T15:47:20.964Z  INFO 6338 --- [           main] o.s.b.w.embedded.tomcat.TomcatWebServer  : Tomcat initialized with port 0 (http)
2025-09-05T15:47:20.986Z  INFO 6338 --- [           main] o.apache.catalina.core.StandardService   : Starting service [Tomcat]
2025-09-05T15:47:20.987Z  INFO 6338 --- [           main] o.apache.catalina.core.StandardEngine    : Starting Servlet engine: [Apache Tomcat/10.1.41]
2025-09-05T15:47:21.055Z  INFO 6338 --- [           main] o.a.c.c.C.[Tomcat].[localhost].[/]       : Initializing Spring embedded WebApplicationContext
2025-09-05T15:47:21.056Z  INFO 6338 --- [           main] w.s.c.ServletWebServerApplicationContext : Root WebApplicationContext: initialization completed in 2323 ms
2025-09-05T15:47:21.315Z  INFO 6338 --- [           main] com.zaxxer.hikari.HikariDataSource       : HikariPool-1 - Starting...
2025-09-05T15:47:21.480Z  INFO 6338 --- [           main] com.zaxxer.hikari.pool.HikariPool        : HikariPool-1 - Added connection com.mysql.cj.jdbc.ConnectionImpl@38a5eb35
2025-09-05T15:47:21.485Z  INFO 6338 --- [           main] com.zaxxer.hikari.HikariDataSource       : HikariPool-1 - Start completed.
2025-09-05T15:47:22.009Z  INFO 6338 --- [           main] o.hibernate.jpa.internal.util.LogHelper  : HHH000204: Processing PersistenceUnitInfo [name: default]
2025-09-05T15:47:22.108Z  INFO 6338 --- [           main] org.hibernate.Version                    : HHH000412: Hibernate ORM core version 6.6.15.Final
2025-09-05T15:47:22.182Z  INFO 6338 --- [           main] o.h.c.internal.RegionFactoryInitiator    : HHH000026: Second-level cache disabled
2025-09-05T15:47:22.585Z  INFO 6338 --- [           main] o.s.o.j.p.SpringPersistenceUnitInfo      : No LoadTimeWeaver setup: ignoring JPA class transformer
2025-09-05T15:47:22.707Z  INFO 6338 --- [           main] org.hibernate.orm.connections.pooling    : HHH10001005: Database info:
	Database JDBC URL [Connecting through datasource 'HikariDataSource (HikariPool-1)']
	Database driver: undefined/unknown
	Database version: 9.2
	Autocommit mode: undefined/unknown
	Isolation level: undefined/unknown
	Minimum pool size: undefined/unknown
	Maximum pool size: undefined/unknown
2025-09-05T15:47:24.114Z  INFO 6338 --- [           main] o.h.e.t.j.p.i.JtaPlatformInitiator       : HHH000489: No JTA platform available (set 'hibernate.transaction.jta.platform' to enable JTA platform integration)
2025-09-05T15:47:24.117Z  INFO 6338 --- [           main] j.LocalContainerEntityManagerFactoryBean : Initialized JPA EntityManagerFactory for persistence unit 'default'
2025-09-05T15:47:24.135Z  INFO 6338 --- [           main] tc.mysql:9.2                             : Creating container for image: mysql:9.2
2025-09-05T15:47:24.183Z  INFO 6338 --- [           main] tc.mysql:9.2                             : Container mysql:9.2 is starting: 75babd1a883e71e508ced6e8f07a280b2a64302afad3246db158f9e6eff2e1c1
2025-09-05T15:47:24.374Z  INFO 6338 --- [           main] tc.mysql:9.2                             : Waiting for database connection to become available at jdbc:mysql://localhost:32773/test using query 'SELECT 1'
2025-09-05T15:47:33.806Z  INFO 6338 --- [           main] tc.mysql:9.2                             : Container mysql:9.2 started in PT9.671522709S
2025-09-05T15:47:33.807Z  INFO 6338 --- [           main] tc.mysql:9.2                             : Container is started (JDBC URL: jdbc:mysql://localhost:32773/test)
2025-09-05T15:47:34.201Z  INFO 6338 --- [           main] o.s.d.j.r.query.QueryEnhancerFactory     : Hibernate is in classpath; If applicable, HQL parser will be used.
2025-09-05T15:47:35.547Z  INFO 6338 --- [           main] o.s.b.a.e.web.EndpointLinksResolver      : Exposing 13 endpoints beneath base path '/actuator'
2025-09-05T15:47:35.733Z  INFO 6338 --- [           main] o.s.b.w.embedded.tomcat.TomcatWebServer  : Tomcat started on port 45247 (http) with context path '/'
2025-09-05T15:47:35.754Z  INFO 6338 --- [           main] o.s.s.petclinic.MySqlIntegrationTests    : Started MySqlIntegrationTests in 17.569 seconds (process running for 29.308)
]]></system-out>
  </testcase>
  <testcase name="testOwnerDetails" classname="org.springframework.samples.petclinic.MySqlIntegrationTests" time="0.873">
    <system-out><![CDATA[2025-09-05T15:47:36.522Z  INFO 6338 --- [o-auto-1-exec-1] o.a.c.c.C.[Tomcat].[localhost].[/]       : Initializing Spring DispatcherServlet 'dispatcherServlet'
2025-09-05T15:47:36.523Z  INFO 6338 --- [o-auto-1-exec-1] o.s.web.servlet.DispatcherServlet        : Initializing Servlet 'dispatcherServlet'
2025-09-05T15:47:36.524Z  INFO 6338 --- [o-auto-1-exec-1] o.s.web.servlet.DispatcherServlet        : Completed initialization in 1 ms
]]></system-out>
  </testcase>
</testsuite>